<?xml version="1.0" encoding="UTF-8"?>
<testng-results ignored="0" total="2" passed="2" failed="0" skipped="0">
  <reporter-output>
  </reporter-output>
  <suite started-at="2024-09-11T09:13:50 IST" name="Suite" finished-at="2024-09-11T09:17:14 IST" duration-ms="203902">
    <groups>
      <group name="regressionTest">
        <method signature="Campaign_TS3Test.Campaign_TS3Test()[pri:0, instance:UseOf_BaseClass.Campaign_TS3Test@6ae5aa72]" name="Campaign_TS3Test" class="UseOf_BaseClass.Campaign_TS3Test"/>
        <method signature="Campaign_TS3Test.Campaign_TS3Test()[pri:0, instance:UseOf_BaseClass.Campaign_TS3Test@3349e9bb]" name="Campaign_TS3Test" class="UseOf_BaseClass.Campaign_TS3Test"/>
      </group> <!-- regressionTest -->
    </groups>
    <test started-at="2024-09-11T09:13:50 IST" name="Testrunner1" finished-at="2024-09-11T09:17:13 IST" duration-ms="203577">
      <class name="UseOf_BaseClass.Campaign_TS3Test">
        <test-method is-config="true" signature="BT()[pri:0, instance:UseOf_BaseClass.Campaign_TS3Test@6ae5aa72]" started-at="2024-09-11T09:13:50 IST" name="BT" finished-at="2024-09-11T09:13:50 IST" duration-ms="2" status="PASS">
          <reporter-output>
          </reporter-output>
        </test-method> <!-- BT -->
        <test-method is-config="true" signature="BC()[pri:0, instance:UseOf_BaseClass.Campaign_TS3Test@6ae5aa72]" started-at="2024-09-11T09:13:50 IST" name="BC" finished-at="2024-09-11T09:14:08 IST" duration-ms="18098" status="PASS">
          <reporter-output>
          </reporter-output>
        </test-method> <!-- BC -->
        <test-method is-config="true" signature="BM()[pri:0, instance:UseOf_BaseClass.Campaign_TS3Test@6ae5aa72]" started-at="2024-09-11T09:14:08 IST" name="BM" finished-at="2024-09-11T09:15:37 IST" duration-ms="89171" status="PASS">
          <reporter-output>
          </reporter-output>
        </test-method> <!-- BM -->
        <test-method signature="Campaign_TS3Test()[pri:0, instance:UseOf_BaseClass.Campaign_TS3Test@6ae5aa72]" started-at="2024-09-11T09:15:37 IST" name="Campaign_TS3Test" finished-at="2024-09-11T09:17:04 IST" duration-ms="87248" status="PASS">
          <reporter-output>
          </reporter-output>
        </test-method> <!-- Campaign_TS3Test -->
        <test-method is-config="true" signature="AM()[pri:0, instance:UseOf_BaseClass.Campaign_TS3Test@6ae5aa72]" started-at="2024-09-11T09:17:04 IST" name="AM" finished-at="2024-09-11T09:17:12 IST" duration-ms="7569" status="PASS">
          <reporter-output>
          </reporter-output>
        </test-method> <!-- AM -->
        <test-method is-config="true" signature="AC()[pri:0, instance:UseOf_BaseClass.Campaign_TS3Test@6ae5aa72]" started-at="2024-09-11T09:17:12 IST" name="AC" finished-at="2024-09-11T09:17:13 IST" duration-ms="1267" status="PASS">
          <reporter-output>
          </reporter-output>
        </test-method> <!-- AC -->
        <test-method is-config="true" signature="AT()[pri:0, instance:UseOf_BaseClass.Campaign_TS3Test@6ae5aa72]" started-at="2024-09-11T09:17:13 IST" name="AT" finished-at="2024-09-11T09:17:13 IST" duration-ms="1" status="PASS">
          <reporter-output>
          </reporter-output>
        </test-method> <!-- AT -->
      </class> <!-- UseOf_BaseClass.Campaign_TS3Test -->
    </test> <!-- Testrunner1 -->
    <test started-at="2024-09-11T09:13:50 IST" name="TestRunner2" finished-at="2024-09-11T09:17:14 IST" duration-ms="203868">
      <class name="UseOf_BaseClass.Campaign_TS3Test">
        <test-method is-config="true" signature="BSTest()[pri:0, instance:UseOf_BaseClass.Campaign_TS3Test@3349e9bb]" started-at="2024-09-11T09:13:50 IST" name="BSTest" finished-at="2024-09-11T09:13:50 IST" duration-ms="40" status="PASS">
          <reporter-output>
          </reporter-output>
        </test-method> <!-- BSTest -->
        <test-method is-config="true" signature="BT()[pri:0, instance:UseOf_BaseClass.Campaign_TS3Test@3349e9bb]" started-at="2024-09-11T09:13:50 IST" name="BT" finished-at="2024-09-11T09:13:50 IST" duration-ms="1" status="PASS">
          <reporter-output>
          </reporter-output>
        </test-method> <!-- BT -->
        <test-method is-config="true" signature="BC()[pri:0, instance:UseOf_BaseClass.Campaign_TS3Test@3349e9bb]" started-at="2024-09-11T09:13:50 IST" name="BC" finished-at="2024-09-11T09:14:08 IST" duration-ms="18129" status="PASS">
          <reporter-output>
          </reporter-output>
        </test-method> <!-- BC -->
        <test-method is-config="true" signature="BM()[pri:0, instance:UseOf_BaseClass.Campaign_TS3Test@3349e9bb]" started-at="2024-09-11T09:14:08 IST" name="BM" finished-at="2024-09-11T09:15:37 IST" duration-ms="89186" status="PASS">
          <reporter-output>
          </reporter-output>
        </test-method> <!-- BM -->
        <test-method signature="Campaign_TS3Test()[pri:0, instance:UseOf_BaseClass.Campaign_TS3Test@3349e9bb]" started-at="2024-09-11T09:15:37 IST" name="Campaign_TS3Test" finished-at="2024-09-11T09:17:06 IST" duration-ms="88307" status="PASS">
          <reporter-output>
          </reporter-output>
        </test-method> <!-- Campaign_TS3Test -->
        <test-method is-config="true" signature="AM()[pri:0, instance:UseOf_BaseClass.Campaign_TS3Test@3349e9bb]" started-at="2024-09-11T09:17:06 IST" name="AM" finished-at="2024-09-11T09:17:12 IST" duration-ms="6325" status="PASS">
          <reporter-output>
          </reporter-output>
        </test-method> <!-- AM -->
        <test-method is-config="true" signature="AC()[pri:0, instance:UseOf_BaseClass.Campaign_TS3Test@3349e9bb]" started-at="2024-09-11T09:17:12 IST" name="AC" finished-at="2024-09-11T09:17:14 IST" duration-ms="1739" status="PASS">
          <reporter-output>
          </reporter-output>
        </test-method> <!-- AC -->
        <test-method is-config="true" signature="AT()[pri:0, instance:UseOf_BaseClass.Campaign_TS3Test@3349e9bb]" started-at="2024-09-11T09:17:14 IST" name="AT" finished-at="2024-09-11T09:17:14 IST" duration-ms="1" status="PASS">
          <reporter-output>
          </reporter-output>
        </test-method> <!-- AT -->
        <test-method is-config="true" signature="AS()[pri:0, instance:UseOf_BaseClass.Campaign_TS3Test@3349e9bb]" started-at="2024-09-11T09:17:14 IST" name="AS" finished-at="2024-09-11T09:17:14 IST" duration-ms="0" status="PASS">
          <reporter-output>
          </reporter-output>
        </test-method> <!-- AS -->
      </class> <!-- UseOf_BaseClass.Campaign_TS3Test -->
    </test> <!-- TestRunner2 -->
  </suite> <!-- Suite -->
</testng-results>
